Analysis & Synthesis report for l3
Thu Nov 16 01:23:01 2023
Quartus II 32-bit Version 12.1 Build 177 11/07/2012 SJ Web Edition


---------------------
; Table of Contents ;
---------------------
  1. Legal Notice
  2. Analysis & Synthesis Summary
  3. Analysis & Synthesis Settings
  4. Parallel Compilation
  5. Analysis & Synthesis Source Files Read
  6. Analysis & Synthesis Resource Usage Summary
  7. Analysis & Synthesis Resource Utilization by Entity
  8. State Machine - |l3|wave:inst3|sinwave:comb_4|DDS:dds|controller:ctrl|ps
  9. Registers Removed During Synthesis
 10. General Register Statistics
 11. Multiplexer Restructuring Statistics (Restructuring Performed)
 12. Parameter Settings for User Entity Instance: wave:inst3|sinwave:comb_4|DDS:dds|controller:ctrl
 13. Parameter Settings for Inferred Entity Instance: wave:inst3|waveform:comb_3|lpm_divide:Div0
 14. Port Connectivity Checks: "wave:inst3|sinwave:comb_4|DDS:dds|mux8:mux8b"
 15. Elapsed Time Per Partition
 16. Analysis & Synthesis Messages



----------------
; Legal Notice ;
----------------
Copyright (C) 1991-2012 Altera Corporation
Your use of Altera Corporation's design tools, logic functions 
and other software and tools, and its AMPP partner logic 
functions, and any output files from any of the foregoing 
(including device programming or simulation files), and any 
associated documentation or information are expressly subject 
to the terms and conditions of the Altera Program License 
Subscription Agreement, Altera MegaCore Function License 
Agreement, or other applicable license agreement, including, 
without limitation, that your use is for the sole purpose of 
programming logic devices manufactured by Altera and sold by 
Altera or its authorized distributors.  Please refer to the 
applicable agreement for further details.



+-------------------------------------------------------------------------------+
; Analysis & Synthesis Summary                                                  ;
+------------------------------------+------------------------------------------+
; Analysis & Synthesis Status        ; Successful - Thu Nov 16 01:23:01 2023    ;
; Quartus II 32-bit Version          ; 12.1 Build 177 11/07/2012 SJ Web Edition ;
; Revision Name                      ; l3                                       ;
; Top-level Entity Name              ; l3                                       ;
; Family                             ; Cyclone II                               ;
; Total logic elements               ; 211                                      ;
;     Total combinational functions  ; 209                                      ;
;     Dedicated logic registers      ; 34                                       ;
; Total registers                    ; 34                                       ;
; Total pins                         ; 14                                       ;
; Total virtual pins                 ; 0                                        ;
; Total memory bits                  ; 0                                        ;
; Embedded Multiplier 9-bit elements ; 0                                        ;
; Total PLLs                         ; 0                                        ;
+------------------------------------+------------------------------------------+


+----------------------------------------------------------------------------------------------------------------------+
; Analysis & Synthesis Settings                                                                                        ;
+----------------------------------------------------------------------------+--------------------+--------------------+
; Option                                                                     ; Setting            ; Default Value      ;
+----------------------------------------------------------------------------+--------------------+--------------------+
; Device                                                                     ; EP2C20F484C7       ;                    ;
; Top-level entity name                                                      ; l3                 ; l3                 ;
; Family name                                                                ; Cyclone II         ; Cyclone IV GX      ;
; Use smart compilation                                                      ; Off                ; Off                ;
; Enable parallel Assembler and TimeQuest Timing Analyzer during compilation ; On                 ; On                 ;
; Enable compact report table                                                ; Off                ; Off                ;
; Restructure Multiplexers                                                   ; Auto               ; Auto               ;
; Create Debugging Nodes for IP Cores                                        ; Off                ; Off                ;
; Preserve fewer node names                                                  ; On                 ; On                 ;
; Disable OpenCore Plus hardware evaluation                                  ; Off                ; Off                ;
; Verilog Version                                                            ; Verilog_2001       ; Verilog_2001       ;
; VHDL Version                                                               ; VHDL_1993          ; VHDL_1993          ;
; State Machine Processing                                                   ; Auto               ; Auto               ;
; Safe State Machine                                                         ; Off                ; Off                ;
; Extract Verilog State Machines                                             ; On                 ; On                 ;
; Extract VHDL State Machines                                                ; On                 ; On                 ;
; Ignore Verilog initial constructs                                          ; Off                ; Off                ;
; Iteration limit for constant Verilog loops                                 ; 5000               ; 5000               ;
; Iteration limit for non-constant Verilog loops                             ; 250                ; 250                ;
; Add Pass-Through Logic to Inferred RAMs                                    ; On                 ; On                 ;
; Infer RAMs from Raw Logic                                                  ; On                 ; On                 ;
; Parallel Synthesis                                                         ; On                 ; On                 ;
; DSP Block Balancing                                                        ; Auto               ; Auto               ;
; NOT Gate Push-Back                                                         ; On                 ; On                 ;
; Power-Up Don't Care                                                        ; On                 ; On                 ;
; Remove Redundant Logic Cells                                               ; Off                ; Off                ;
; Remove Duplicate Registers                                                 ; On                 ; On                 ;
; Ignore CARRY Buffers                                                       ; Off                ; Off                ;
; Ignore CASCADE Buffers                                                     ; Off                ; Off                ;
; Ignore GLOBAL Buffers                                                      ; Off                ; Off                ;
; Ignore ROW GLOBAL Buffers                                                  ; Off                ; Off                ;
; Ignore LCELL Buffers                                                       ; Off                ; Off                ;
; Ignore SOFT Buffers                                                        ; On                 ; On                 ;
; Limit AHDL Integers to 32 Bits                                             ; Off                ; Off                ;
; Optimization Technique                                                     ; Balanced           ; Balanced           ;
; Carry Chain Length                                                         ; 70                 ; 70                 ;
; Auto Carry Chains                                                          ; On                 ; On                 ;
; Auto Open-Drain Pins                                                       ; On                 ; On                 ;
; Perform WYSIWYG Primitive Resynthesis                                      ; Off                ; Off                ;
; Auto ROM Replacement                                                       ; On                 ; On                 ;
; Auto RAM Replacement                                                       ; On                 ; On                 ;
; Auto Shift Register Replacement                                            ; Auto               ; Auto               ;
; Allow Shift Register Merging across Hierarchies                            ; Auto               ; Auto               ;
; Auto Clock Enable Replacement                                              ; On                 ; On                 ;
; Strict RAM Replacement                                                     ; Off                ; Off                ;
; Allow Synchronous Control Signals                                          ; On                 ; On                 ;
; Force Use of Synchronous Clear Signals                                     ; Off                ; Off                ;
; Auto RAM to Logic Cell Conversion                                          ; Off                ; Off                ;
; Auto Resource Sharing                                                      ; Off                ; Off                ;
; Allow Any RAM Size For Recognition                                         ; Off                ; Off                ;
; Allow Any ROM Size For Recognition                                         ; Off                ; Off                ;
; Allow Any Shift Register Size For Recognition                              ; Off                ; Off                ;
; Use LogicLock Constraints during Resource Balancing                        ; On                 ; On                 ;
; Ignore translate_off and synthesis_off directives                          ; Off                ; Off                ;
; Timing-Driven Synthesis                                                    ; Off                ; Off                ;
; Report Parameter Settings                                                  ; On                 ; On                 ;
; Report Source Assignments                                                  ; On                 ; On                 ;
; Report Connectivity Checks                                                 ; On                 ; On                 ;
; Ignore Maximum Fan-Out Assignments                                         ; Off                ; Off                ;
; Synchronization Register Chain Length                                      ; 2                  ; 2                  ;
; PowerPlay Power Optimization                                               ; Normal compilation ; Normal compilation ;
; HDL message level                                                          ; Level2             ; Level2             ;
; Suppress Register Optimization Related Messages                            ; Off                ; Off                ;
; Number of Removed Registers Reported in Synthesis Report                   ; 5000               ; 5000               ;
; Number of Swept Nodes Reported in Synthesis Report                         ; 5000               ; 5000               ;
; Number of Inverted Registers Reported in Synthesis Report                  ; 100                ; 100                ;
; Clock MUX Protection                                                       ; On                 ; On                 ;
; Auto Gated Clock Conversion                                                ; Off                ; Off                ;
; Block Design Naming                                                        ; Auto               ; Auto               ;
; SDC constraint protection                                                  ; Off                ; Off                ;
; Synthesis Effort                                                           ; Auto               ; Auto               ;
; Shift Register Replacement - Allow Asynchronous Clear Signal               ; On                 ; On                 ;
; Pre-Mapping Resynthesis Optimization                                       ; Off                ; Off                ;
; Analysis & Synthesis Message Level                                         ; Medium             ; Medium             ;
; Disable Register Merging Across Hierarchies                                ; Auto               ; Auto               ;
; Resource Aware Inference For Block RAM                                     ; On                 ; On                 ;
; Synthesis Seed                                                             ; 1                  ; 1                  ;
+----------------------------------------------------------------------------+--------------------+--------------------+


Parallel compilation was disabled, but you have multiple processors available. Enable parallel compilation to reduce compilation time.
+-------------------------------------+
; Parallel Compilation                ;
+----------------------------+--------+
; Processors                 ; Number ;
+----------------------------+--------+
; Number detected on machine ; 2      ;
; Maximum allowed            ; 1      ;
+----------------------------+--------+


+------------------------------------------------------------------------------------------------------------------------------------------------------------------------+
; Analysis & Synthesis Source Files Read                                                                                                                                 ;
+----------------------------------+-----------------+------------------------------------+--------------------------------------------------------------------+---------+
; File Name with User-Entered Path ; Used in Netlist ; File Type                          ; File Name with Absolute Path                                       ; Library ;
+----------------------------------+-----------------+------------------------------------+--------------------------------------------------------------------+---------+
; ../LAB3/waveform.v               ; yes             ; User Verilog HDL File              ; C:/Users/DLD lab 7/Desktop/LAB3/waveform.v                         ;         ;
; ../LAB3/wave.v                   ; yes             ; User Verilog HDL File              ; C:/Users/DLD lab 7/Desktop/LAB3/wave.v                             ;         ;
; ../LAB3/sinwave.v                ; yes             ; User Verilog HDL File              ; C:/Users/DLD lab 7/Desktop/LAB3/sinwave.v                          ;         ;
; ../LAB3/ROM.v                    ; yes             ; User Verilog HDL File              ; C:/Users/DLD lab 7/Desktop/LAB3/ROM.v                              ;         ;
; ../LAB3/pwm.v                    ; yes             ; User Verilog HDL File              ; C:/Users/DLD lab 7/Desktop/LAB3/pwm.v                              ;         ;
; ../LAB3/mux82.v                  ; yes             ; User Verilog HDL File              ; C:/Users/DLD lab 7/Desktop/LAB3/mux82.v                            ;         ;
; ../LAB3/mux8.v                   ; yes             ; User Verilog HDL File              ; C:/Users/DLD lab 7/Desktop/LAB3/mux8.v                             ;         ;
; ../LAB3/mux6.v                   ; yes             ; User Verilog HDL File              ; C:/Users/DLD lab 7/Desktop/LAB3/mux6.v                             ;         ;
; ../LAB3/DDS.v                    ; yes             ; User Verilog HDL File              ; C:/Users/DLD lab 7/Desktop/LAB3/DDS.v                              ;         ;
; ../LAB3/couter6.v                ; yes             ; User Verilog HDL File              ; C:/Users/DLD lab 7/Desktop/LAB3/couter6.v                          ;         ;
; ../LAB3/counter9.v               ; yes             ; User Verilog HDL File              ; C:/Users/DLD lab 7/Desktop/LAB3/counter9.v                         ;         ;
; ../LAB3/counter8.v               ; yes             ; User Verilog HDL File              ; C:/Users/DLD lab 7/Desktop/LAB3/counter8.v                         ;         ;
; ../LAB3/controller.v             ; yes             ; User Verilog HDL File              ; C:/Users/DLD lab 7/Desktop/LAB3/controller.v                       ;         ;
; ../LAB3/amp.v                    ; yes             ; User Verilog HDL File              ; C:/Users/DLD lab 7/Desktop/LAB3/amp.v                              ;         ;
; l3.bdf                           ; yes             ; User Block Diagram/Schematic File  ; C:/Users/DLD lab 7/Desktop/New folder/l3.bdf                       ;         ;
; lpm_divide.tdf                   ; yes             ; Megafunction                       ; c:/altera/12.1/quartus/libraries/megafunctions/lpm_divide.tdf      ;         ;
; abs_divider.inc                  ; yes             ; Megafunction                       ; c:/altera/12.1/quartus/libraries/megafunctions/abs_divider.inc     ;         ;
; sign_div_unsign.inc              ; yes             ; Megafunction                       ; c:/altera/12.1/quartus/libraries/megafunctions/sign_div_unsign.inc ;         ;
; aglobal121.inc                   ; yes             ; Megafunction                       ; c:/altera/12.1/quartus/libraries/megafunctions/aglobal121.inc      ;         ;
; db/lpm_divide_7dm.tdf            ; yes             ; Auto-Generated Megafunction        ; C:/Users/DLD lab 7/Desktop/New folder/db/lpm_divide_7dm.tdf        ;         ;
; db/sign_div_unsign_hkh.tdf       ; yes             ; Auto-Generated Megafunction        ; C:/Users/DLD lab 7/Desktop/New folder/db/sign_div_unsign_hkh.tdf   ;         ;
; db/alt_u_div_40f.tdf             ; yes             ; Auto-Generated Megafunction        ; C:/Users/DLD lab 7/Desktop/New folder/db/alt_u_div_40f.tdf         ;         ;
; db/add_sub_lkc.tdf               ; yes             ; Auto-Generated Megafunction        ; C:/Users/DLD lab 7/Desktop/New folder/db/add_sub_lkc.tdf           ;         ;
; db/add_sub_mkc.tdf               ; yes             ; Auto-Generated Megafunction        ; C:/Users/DLD lab 7/Desktop/New folder/db/add_sub_mkc.tdf           ;         ;
+----------------------------------+-----------------+------------------------------------+--------------------------------------------------------------------+---------+


+-----------------------------------------------------+
; Analysis & Synthesis Resource Usage Summary         ;
+---------------------------------------------+-------+
; Resource                                    ; Usage ;
+---------------------------------------------+-------+
; Estimated Total logic elements              ; 211   ;
;                                             ;       ;
; Total combinational functions               ; 209   ;
; Logic element usage by number of LUT inputs ;       ;
;     -- 4 input functions                    ; 79    ;
;     -- 3 input functions                    ; 63    ;
;     -- <=2 input functions                  ; 67    ;
;                                             ;       ;
; Logic elements by mode                      ;       ;
;     -- normal mode                          ; 126   ;
;     -- arithmetic mode                      ; 83    ;
;                                             ;       ;
; Total registers                             ; 34    ;
;     -- Dedicated logic registers            ; 34    ;
;     -- I/O registers                        ; 0     ;
;                                             ;       ;
; I/O pins                                    ; 14    ;
; Embedded Multiplier 9-bit elements          ; 0     ;
; Maximum fan-out                             ; 34    ;
; Total fan-out                               ; 740   ;
; Average fan-out                             ; 2.88  ;
+---------------------------------------------+-------+


+----------------------------------------------------------------------------------------------------------------------------------------------------------------------------------------------------------------------------------------------------------------------------------------------------------+
; Analysis & Synthesis Resource Utilization by Entity                                                                                                                                                                                                                                                      ;
+----------------------------------------------+-------------------+--------------+-------------+--------------+---------+-----------+------+--------------+--------------------------------------------------------------------------------------------------------------------------------+--------------+
; Compilation Hierarchy Node                   ; LC Combinationals ; LC Registers ; Memory Bits ; DSP Elements ; DSP 9x9 ; DSP 18x18 ; Pins ; Virtual Pins ; Full Hierarchy Name                                                                                                            ; Library Name ;
+----------------------------------------------+-------------------+--------------+-------------+--------------+---------+-----------+------+--------------+--------------------------------------------------------------------------------------------------------------------------------+--------------+
; |l3                                          ; 209 (1)           ; 34 (0)       ; 0           ; 0            ; 0       ; 0         ; 14   ; 0            ; |l3                                                                                                                            ;              ;
;    |PWM:inst5|                               ; 16 (8)            ; 8 (0)        ; 0           ; 0            ; 0       ; 0         ; 0    ; 0            ; |l3|PWM:inst5                                                                                                                  ;              ;
;       |counter8:cnt|                         ; 8 (8)             ; 8 (8)        ; 0           ; 0            ; 0       ; 0         ; 0    ; 0            ; |l3|PWM:inst5|counter8:cnt                                                                                                     ;              ;
;    |amp:inst|                                ; 30 (30)           ; 0 (0)        ; 0           ; 0            ; 0       ; 0         ; 0    ; 0            ; |l3|amp:inst                                                                                                                   ;              ;
;    |counter9:inst2|                          ; 13 (13)           ; 9 (9)        ; 0           ; 0            ; 0       ; 0         ; 0    ; 0            ; |l3|counter9:inst2                                                                                                             ;              ;
;    |wave:inst3|                              ; 149 (0)           ; 17 (0)       ; 0           ; 0            ; 0       ; 0         ; 0    ; 0            ; |l3|wave:inst3                                                                                                                 ;              ;
;       |mux82:mux|                            ; 30 (30)           ; 0 (0)        ; 0           ; 0            ; 0       ; 0         ; 0    ; 0            ; |l3|wave:inst3|mux82:mux                                                                                                       ;              ;
;       |sinwave:comb_4|                       ; 21 (0)            ; 17 (0)       ; 0           ; 0            ; 0       ; 0         ; 0    ; 0            ; |l3|wave:inst3|sinwave:comb_4                                                                                                  ;              ;
;          |DDS:dds|                           ; 13 (4)            ; 9 (0)        ; 0           ; 0            ; 0       ; 0         ; 0    ; 0            ; |l3|wave:inst3|sinwave:comb_4|DDS:dds                                                                                          ;              ;
;             |controller:ctrl|                ; 2 (2)             ; 4 (4)        ; 0           ; 0            ; 0       ; 0         ; 0    ; 0            ; |l3|wave:inst3|sinwave:comb_4|DDS:dds|controller:ctrl                                                                          ;              ;
;             |counter6:cnt|                   ; 7 (7)             ; 5 (5)        ; 0           ; 0            ; 0       ; 0         ; 0    ; 0            ; |l3|wave:inst3|sinwave:comb_4|DDS:dds|counter6:cnt                                                                             ;              ;
;          |counter8:cnt|                      ; 8 (8)             ; 8 (8)        ; 0           ; 0            ; 0       ; 0         ; 0    ; 0            ; |l3|wave:inst3|sinwave:comb_4|counter8:cnt                                                                                     ;              ;
;       |waveform:comb_3|                      ; 98 (9)            ; 0 (0)        ; 0           ; 0            ; 0       ; 0         ; 0    ; 0            ; |l3|wave:inst3|waveform:comb_3                                                                                                 ;              ;
;          |lpm_divide:Div0|                   ; 89 (0)            ; 0 (0)        ; 0           ; 0            ; 0       ; 0         ; 0    ; 0            ; |l3|wave:inst3|waveform:comb_3|lpm_divide:Div0                                                                                 ;              ;
;             |lpm_divide_7dm:auto_generated|  ; 89 (0)            ; 0 (0)        ; 0           ; 0            ; 0       ; 0         ; 0    ; 0            ; |l3|wave:inst3|waveform:comb_3|lpm_divide:Div0|lpm_divide_7dm:auto_generated                                                   ;              ;
;                |sign_div_unsign_hkh:divider| ; 89 (0)            ; 0 (0)        ; 0           ; 0            ; 0       ; 0         ; 0    ; 0            ; |l3|wave:inst3|waveform:comb_3|lpm_divide:Div0|lpm_divide_7dm:auto_generated|sign_div_unsign_hkh:divider                       ;              ;
;                   |alt_u_div_40f:divider|    ; 89 (89)           ; 0 (0)        ; 0           ; 0            ; 0       ; 0         ; 0    ; 0            ; |l3|wave:inst3|waveform:comb_3|lpm_divide:Div0|lpm_divide_7dm:auto_generated|sign_div_unsign_hkh:divider|alt_u_div_40f:divider ;              ;
+----------------------------------------------+-------------------+--------------+-------------+--------------+---------+-----------+------+--------------+--------------------------------------------------------------------------------------------------------------------------------+--------------+
Note: For table entries with two numbers listed, the numbers in parentheses indicate the number of resources of the given type used by the specific entity alone. The numbers listed outside of parentheses indicate the total resources of the given type used by the specific entity and all of its sub-entities in the hierarchy.


Encoding Type:  One-Hot
+--------------------------------------------------------------------------+
; State Machine - |l3|wave:inst3|sinwave:comb_4|DDS:dds|controller:ctrl|ps ;
+------+------+------+------+----------------------------------------------+
; Name ; ps.D ; ps.C ; ps.B ; ps.A                                         ;
+------+------+------+------+----------------------------------------------+
; ps.A ; 0    ; 0    ; 0    ; 0                                            ;
; ps.B ; 0    ; 0    ; 1    ; 1                                            ;
; ps.C ; 0    ; 1    ; 0    ; 1                                            ;
; ps.D ; 1    ; 0    ; 0    ; 1                                            ;
+------+------+------+------+----------------------------------------------+


+-----------------------------------------------------------------------------------------------------------------------+
; Registers Removed During Synthesis                                                                                    ;
+---------------------------------------------------------+-------------------------------------------------------------+
; Register name                                           ; Reason for Removal                                          ;
+---------------------------------------------------------+-------------------------------------------------------------+
; wave:inst3|waveform:comb_3|counter8:cnt|count[7]        ; Merged with wave:inst3|sinwave:comb_4|counter8:cnt|count[7] ;
; wave:inst3|waveform:comb_3|counter8:cnt|count[6]        ; Merged with wave:inst3|sinwave:comb_4|counter8:cnt|count[6] ;
; wave:inst3|waveform:comb_3|counter8:cnt|count[5]        ; Merged with wave:inst3|sinwave:comb_4|counter8:cnt|count[5] ;
; wave:inst3|waveform:comb_3|counter8:cnt|count[4]        ; Merged with wave:inst3|sinwave:comb_4|counter8:cnt|count[4] ;
; wave:inst3|waveform:comb_3|counter8:cnt|count[3]        ; Merged with wave:inst3|sinwave:comb_4|counter8:cnt|count[3] ;
; wave:inst3|waveform:comb_3|counter8:cnt|count[2]        ; Merged with wave:inst3|sinwave:comb_4|counter8:cnt|count[2] ;
; wave:inst3|waveform:comb_3|counter8:cnt|count[1]        ; Merged with wave:inst3|sinwave:comb_4|counter8:cnt|count[1] ;
; wave:inst3|waveform:comb_3|counter8:cnt|count[0]        ; Merged with wave:inst3|sinwave:comb_4|counter8:cnt|count[0] ;
; wave:inst3|sinwave:comb_4|DDS:dds|controller:ctrl|ps~4  ; Lost fanout                                                 ;
; wave:inst3|sinwave:comb_4|DDS:dds|controller:ctrl|ps~5  ; Lost fanout                                                 ;
; wave:inst3|sinwave:comb_4|DDS:dds|counter6:cnt|count[0] ; Merged with wave:inst3|sinwave:comb_4|counter8:cnt|count[0] ;
; Total Number of Removed Registers = 11                  ;                                                             ;
+---------------------------------------------------------+-------------------------------------------------------------+


+------------------------------------------------------+
; General Register Statistics                          ;
+----------------------------------------------+-------+
; Statistic                                    ; Value ;
+----------------------------------------------+-------+
; Total registers                              ; 34    ;
; Number of registers using Synchronous Clear  ; 0     ;
; Number of registers using Synchronous Load   ; 9     ;
; Number of registers using Asynchronous Clear ; 34    ;
; Number of registers using Asynchronous Load  ; 0     ;
; Number of registers using Clock Enable       ; 4     ;
; Number of registers using Preset             ; 0     ;
+----------------------------------------------+-------+


+-----------------------------------------------------------------------------------------------------------------------------------------------+
; Multiplexer Restructuring Statistics (Restructuring Performed)                                                                                ;
+--------------------+-----------+---------------+----------------------+------------------------+------------+---------------------------------+
; Multiplexer Inputs ; Bus Width ; Baseline Area ; Area if Restructured ; Saving if Restructured ; Registered ; Example Multiplexer Output      ;
+--------------------+-----------+---------------+----------------------+------------------------+------------+---------------------------------+
; 3:1                ; 4 bits    ; 8 LEs         ; 4 LEs                ; 4 LEs                  ; Yes        ; |l3|counter9:inst2|count~6      ;
; 3:1                ; 5 bits    ; 10 LEs        ; 5 LEs                ; 5 LEs                  ; Yes        ; |l3|counter9:inst2|count~4      ;
; 6:1                ; 5 bits    ; 20 LEs        ; 20 LEs               ; 0 LEs                  ; No         ; |l3|wave:inst3|mux82:mux|out[5] ;
+--------------------+-----------+---------------+----------------------+------------------------+------------+---------------------------------+


+------------------------------------------------------------------------------------------------+
; Parameter Settings for User Entity Instance: wave:inst3|sinwave:comb_4|DDS:dds|controller:ctrl ;
+----------------+-------+-----------------------------------------------------------------------+
; Parameter Name ; Value ; Type                                                                  ;
+----------------+-------+-----------------------------------------------------------------------+
; A              ; 00    ; Unsigned Binary                                                       ;
; B              ; 01    ; Unsigned Binary                                                       ;
; C              ; 10    ; Unsigned Binary                                                       ;
; D              ; 11    ; Unsigned Binary                                                       ;
+----------------+-------+-----------------------------------------------------------------------+
Note: In order to hide this table in the UI and the text report file, please set the "Show Parameter Settings in Synthesis Report" option in "Analysis and Synthesis Settings -> More Settings" to "Off".


+---------------------------------------------------------------------------------------------+
; Parameter Settings for Inferred Entity Instance: wave:inst3|waveform:comb_3|lpm_divide:Div0 ;
+------------------------+----------------+---------------------------------------------------+
; Parameter Name         ; Value          ; Type                                              ;
+------------------------+----------------+---------------------------------------------------+
; LPM_WIDTHN             ; 9              ; Untyped                                           ;
; LPM_WIDTHD             ; 9              ; Untyped                                           ;
; LPM_NREPRESENTATION    ; UNSIGNED       ; Untyped                                           ;
; LPM_DREPRESENTATION    ; UNSIGNED       ; Untyped                                           ;
; LPM_PIPELINE           ; 0              ; Untyped                                           ;
; LPM_REMAINDERPOSITIVE  ; TRUE           ; Untyped                                           ;
; MAXIMIZE_SPEED         ; 5              ; Untyped                                           ;
; CBXI_PARAMETER         ; lpm_divide_7dm ; Untyped                                           ;
; CARRY_CHAIN            ; MANUAL         ; Untyped                                           ;
; OPTIMIZE_FOR_SPEED     ; 5              ; Untyped                                           ;
; AUTO_CARRY_CHAINS      ; ON             ; AUTO_CARRY                                        ;
; IGNORE_CARRY_BUFFERS   ; OFF            ; IGNORE_CARRY                                      ;
; AUTO_CASCADE_CHAINS    ; ON             ; AUTO_CASCADE                                      ;
; IGNORE_CASCADE_BUFFERS ; OFF            ; IGNORE_CASCADE                                    ;
+------------------------+----------------+---------------------------------------------------+
Note: In order to hide this table in the UI and the text report file, please set the "Show Parameter Settings in Synthesis Report" option in "Analysis and Synthesis Settings -> More Settings" to "Off".


+--------------------------------------------------------------------------+
; Port Connectivity Checks: "wave:inst3|sinwave:comb_4|DDS:dds|mux8:mux8b" ;
+------+-------+----------+------------------------------------------------+
; Port ; Type  ; Severity ; Details                                        ;
+------+-------+----------+------------------------------------------------+
; in1  ; Input ; Info     ; Stuck at VCC                                   ;
+------+-------+----------+------------------------------------------------+


+-------------------------------+
; Elapsed Time Per Partition    ;
+----------------+--------------+
; Partition Name ; Elapsed Time ;
+----------------+--------------+
; Top            ; 00:00:01     ;
+----------------+--------------+


+-------------------------------+
; Analysis & Synthesis Messages ;
+-------------------------------+
Info: *******************************************************************
Info: Running Quartus II 32-bit Analysis & Synthesis
    Info: Version 12.1 Build 177 11/07/2012 SJ Web Edition
    Info: Processing started: Thu Nov 16 01:22:58 2023
Info: Command: quartus_map --read_settings_files=on --write_settings_files=off l3 -c l3
Warning (20028): Parallel compilation is not licensed and has been disabled
Info (12021): Found 1 design units, including 1 entities, in source file /users/dld lab 7/desktop/lab3/waveform.v
    Info (12023): Found entity 1: waveform
Info (12021): Found 1 design units, including 1 entities, in source file /users/dld lab 7/desktop/lab3/wave.v
    Info (12023): Found entity 1: wave
Info (12021): Found 1 design units, including 1 entities, in source file /users/dld lab 7/desktop/lab3/sinwave.v
    Info (12023): Found entity 1: sinwave
Info (12021): Found 1 design units, including 1 entities, in source file /users/dld lab 7/desktop/lab3/rom.v
    Info (12023): Found entity 1: ROM
Info (12021): Found 1 design units, including 1 entities, in source file /users/dld lab 7/desktop/lab3/pwm.v
    Info (12023): Found entity 1: PWM
Info (12021): Found 1 design units, including 1 entities, in source file /users/dld lab 7/desktop/lab3/mux82.v
    Info (12023): Found entity 1: mux82
Info (12021): Found 1 design units, including 1 entities, in source file /users/dld lab 7/desktop/lab3/mux8.v
    Info (12023): Found entity 1: mux8
Info (12021): Found 1 design units, including 1 entities, in source file /users/dld lab 7/desktop/lab3/mux6.v
    Info (12023): Found entity 1: mux6
Warning (10229): Verilog HDL Expression warning at DDS.v(17): truncated literal to match 7 bits
Info (12021): Found 1 design units, including 1 entities, in source file /users/dld lab 7/desktop/lab3/dds.v
    Info (12023): Found entity 1: DDS
Info (12021): Found 1 design units, including 1 entities, in source file /users/dld lab 7/desktop/lab3/couter6.v
    Info (12023): Found entity 1: counter6
Info (12021): Found 1 design units, including 1 entities, in source file /users/dld lab 7/desktop/lab3/counter9.v
    Info (12023): Found entity 1: counter9
Info (12021): Found 1 design units, including 1 entities, in source file /users/dld lab 7/desktop/lab3/counter8.v
    Info (12023): Found entity 1: counter8
Info (12021): Found 1 design units, including 1 entities, in source file /users/dld lab 7/desktop/lab3/controller.v
    Info (12023): Found entity 1: controller
Info (12021): Found 1 design units, including 1 entities, in source file /users/dld lab 7/desktop/lab3/amp.v
    Info (12023): Found entity 1: amp
Info (12021): Found 1 design units, including 1 entities, in source file l3.bdf
    Info (12023): Found entity 1: l3
Critical Warning (10846): Verilog HDL Instantiation warning at wave.v(12): instance has no name
Critical Warning (10846): Verilog HDL Instantiation warning at wave.v(13): instance has no name
Info (12127): Elaborating entity "l3" for the top level hierarchy
Info (12128): Elaborating entity "PWM" for hierarchy "PWM:inst5"
Info (12128): Elaborating entity "counter8" for hierarchy "PWM:inst5|counter8:cnt"
Warning (10230): Verilog HDL assignment warning at counter8.v(6): truncated value with size 32 to match size of target (8)
Info (12128): Elaborating entity "amp" for hierarchy "amp:inst"
Info (12128): Elaborating entity "wave" for hierarchy "wave:inst3"
Info (12128): Elaborating entity "waveform" for hierarchy "wave:inst3|waveform:comb_3"
Warning (10230): Verilog HDL assignment warning at waveform.v(10): truncated value with size 32 to match size of target (8)
Warning (10230): Verilog HDL assignment warning at waveform.v(11): truncated value with size 32 to match size of target (8)
Info (12128): Elaborating entity "sinwave" for hierarchy "wave:inst3|sinwave:comb_4"
Info (12128): Elaborating entity "DDS" for hierarchy "wave:inst3|sinwave:comb_4|DDS:dds"
Info (12128): Elaborating entity "counter6" for hierarchy "wave:inst3|sinwave:comb_4|DDS:dds|counter6:cnt"
Warning (10230): Verilog HDL assignment warning at couter6.v(7): truncated value with size 32 to match size of target (6)
Info (12128): Elaborating entity "controller" for hierarchy "wave:inst3|sinwave:comb_4|DDS:dds|controller:ctrl"
Info (12128): Elaborating entity "mux6" for hierarchy "wave:inst3|sinwave:comb_4|DDS:dds|mux6:mux6b"
Info (12128): Elaborating entity "ROM" for hierarchy "wave:inst3|sinwave:comb_4|DDS:dds|ROM:rom"
Warning (10858): Verilog HDL warning at ROM.v(4): object datastore used but never assigned
Info (12128): Elaborating entity "mux8" for hierarchy "wave:inst3|sinwave:comb_4|DDS:dds|mux8:mux8b"
Info (12128): Elaborating entity "mux82" for hierarchy "wave:inst3|mux82:mux"
Info (12128): Elaborating entity "counter9" for hierarchy "counter9:inst2"
Warning (10230): Verilog HDL assignment warning at counter9.v(10): truncated value with size 32 to match size of target (9)
Info (278001): Inferred 1 megafunctions from design logic
    Info (278004): Inferred divider/modulo megafunction ("lpm_divide") from the following logic: "wave:inst3|waveform:comb_3|Div0"
Info (12130): Elaborated megafunction instantiation "wave:inst3|waveform:comb_3|lpm_divide:Div0"
Info (12133): Instantiated megafunction "wave:inst3|waveform:comb_3|lpm_divide:Div0" with the following parameter:
    Info (12134): Parameter "LPM_WIDTHN" = "9"
    Info (12134): Parameter "LPM_WIDTHD" = "9"
    Info (12134): Parameter "LPM_NREPRESENTATION" = "UNSIGNED"
    Info (12134): Parameter "LPM_DREPRESENTATION" = "UNSIGNED"
Info (12021): Found 1 design units, including 1 entities, in source file db/lpm_divide_7dm.tdf
    Info (12023): Found entity 1: lpm_divide_7dm
Info (12021): Found 1 design units, including 1 entities, in source file db/sign_div_unsign_hkh.tdf
    Info (12023): Found entity 1: sign_div_unsign_hkh
Info (12021): Found 1 design units, including 1 entities, in source file db/alt_u_div_40f.tdf
    Info (12023): Found entity 1: alt_u_div_40f
Info (12021): Found 1 design units, including 1 entities, in source file db/add_sub_lkc.tdf
    Info (12023): Found entity 1: add_sub_lkc
Info (12021): Found 1 design units, including 1 entities, in source file db/add_sub_mkc.tdf
    Info (12023): Found entity 1: add_sub_mkc
Info (17049): 2 registers lost all their fanouts during netlist optimizations.
Info (16010): Generating hard_block partition "hard_block:auto_generated_inst"
    Info (16011): Adding 0 node(s), including 0 DDIO, 0 PLL, 0 transceiver and 0 LCELL
Info (21057): Implemented 225 device resources after synthesis - the final resource count might be different
    Info (21058): Implemented 13 input pins
    Info (21059): Implemented 1 output pins
    Info (21061): Implemented 211 logic cells
Info: Quartus II 32-bit Analysis & Synthesis was successful. 0 errors, 10 warnings
    Info: Peak virtual memory: 345 megabytes
    Info: Processing ended: Thu Nov 16 01:23:01 2023
    Info: Elapsed time: 00:00:03
    Info: Total CPU time (on all processors): 00:00:03


